<?xml version="1.0" encoding="UTF-8"?>
<testsuite name="ee.itcollage.level11.WordFilterTest" tests="7" skipped="0" failures="0" errors="0" timestamp="2019-09-20T07:42:22" hostname="hp" time="0.057">
  <properties/>
  <testcase name="getFirstStringOfType" classname="ee.itcollage.level11.WordFilterTest" time="0.004"/>
  <testcase name="getFirstOfType" classname="ee.itcollage.level11.WordFilterTest" time="0.004"/>
  <testcase name="getFirstVerb" classname="ee.itcollage.level11.WordFilterTest" time="0.005"/>
  <testcase name="getNounStrings" classname="ee.itcollage.level11.WordFilterTest" time="0.004"/>
  <testcase name="getFirstVerbString" classname="ee.itcollage.level11.WordFilterTest" time="0.002"/>
  <testcase name="getAllNotNouns" classname="ee.itcollage.level11.WordFilterTest" time="0.02"/>
  <testcase name="getNouns" classname="ee.itcollage.level11.WordFilterTest" time="0.001"/>
  <system-out><![CDATA[]]></system-out>
  <system-err><![CDATA[]]></system-err>
</testsuite>
