<?xml version="1.0" encoding="UTF-8"?>
<testsuite name="ee.itcollage.level5.SumOfNumbersTest" tests="1" skipped="0" failures="0" errors="0" timestamp="2019-09-18T11:25:44" hostname="hp" time="0.013">
  <properties/>
  <testcase name="sum" classname="ee.itcollage.level5.SumOfNumbersTest" time="0.013"/>
  <system-out><![CDATA[]]></system-out>
  <system-err><![CDATA[]]></system-err>
</testsuite>
