<?xml version="1.0" encoding="UTF-8"?>
<testsuite name="ee.itcollage.level5.PositiveTest" tests="1" skipped="0" failures="0" errors="0" timestamp="2019-09-18T11:25:44" hostname="hp" time="0.023">
  <properties/>
  <testcase name="positiveTest" classname="ee.itcollage.level5.PositiveTest" time="0.023"/>
  <system-out><![CDATA[]]></system-out>
  <system-err><![CDATA[]]></system-err>
</testsuite>
